<?xml version="1.0" encoding="UTF-8"?>
<!-- Generated by org.testng.reporters.JUnitXMLReporter -->
<testsuite ignored="0" hostname="LAPTOP-KS03E6ER" failures="1" tests="4" name="RegressionTest" time="31.558" errors="0" timestamp="2022-07-23T22:34:53 IST">
  <testcase classname="com.qa.testLayer.TestClass" name="verifyTheCountry" time="3.465"/>
  <testcase classname="com.qa.testLayer.TestClass" name="verifyTheCountryIMDb" time="6.749"/>
  <testcase classname="com.qa.testLayer.TestClass" name="verifyTheDate" time="2.845"/>
  <testcase classname="com.qa.testLayer.TestClass" name="verifyTheDateImDb" time="6.853">
    <failure type="java.lang.AssertionError" message="expected [January 7, 2022 (United States)] but found [17 December 2021]">
      <![CDATA[java.lang.AssertionError: expected [January 7, 2022 (United States)] but found [17 December 2021]
at com.qa.testLayer.TestClass.verifyTheDateImDb(TestClass.java:25)
at java.base/java.util.ArrayList.forEach(ArrayList.java:1511)
... Removed 33 stack frames]]>
    </failure>
  </testcase> <!-- verifyTheDateImDb -->
</testsuite> <!-- RegressionTest -->
